<?xml version="1.0" encoding="UTF-8"?>
<testng-results skipped="0" failed="0" ignored="0" total="1" passed="1">
  <reporter-output>
  </reporter-output>
  <suite name="Default suite" duration-ms="3503" started-at="2021-01-17T21:32:55 EST" finished-at="2021-01-17T21:32:58 EST">
    <groups>
    </groups>
    <test name="Default test" duration-ms="3503" started-at="2021-01-17T21:32:55 EST" finished-at="2021-01-17T21:32:58 EST">
      <class name="demotests.XMLSchemaValidation">
        <test-method status="PASS" signature="schemaValidation()[pri:0, instance:demotests.XMLSchemaValidation@27a5f880]" name="schemaValidation" duration-ms="3449" started-at="2021-01-17T21:32:55 EST" finished-at="2021-01-17T21:32:58 EST">
          <reporter-output>
          </reporter-output>
        </test-method> <!-- schemaValidation -->
      </class> <!-- demotests.XMLSchemaValidation -->
    </test> <!-- Default test -->
  </suite> <!-- Default suite -->
</testng-results>
